<?xml version="1.0" encoding="UTF-8" ?>
<testsuite failures="0" time="0.024" errors="0" skipped="0" tests="6" name="ohtu.viitteidenHallinta.ViiteTest">
  <properties>
[...]
</properties>
  <testcase time="0.006" classname="ohtu.viitteidenHallinta.ViiteTest" name="testGetId"/>
  <testcase time="0.001" classname="ohtu.viitteidenHallinta.ViiteTest" name="testGetPakollisetKentat"/>
  <testcase time="0.001" classname="ohtu.viitteidenHallinta.ViiteTest" name="testGetType"/>
  <testcase time="0" classname="ohtu.viitteidenHallinta.ViiteTest" name="testGetVapaaehtoisetKentat"/>
  <testcase time="0.001" classname="ohtu.viitteidenHallinta.ViiteTest" name="testSetPakollisetKentat"/>
  <testcase time="0.001" classname="ohtu.viitteidenHallinta.ViiteTest" name="testSetVapaaehtoisetKentat"/>
</testsuite>