<?xml version="1.0" encoding="UTF-8" ?>
<testsuite failures="0" time="0.069" errors="0" skipped="0" tests="9" name="ohtu.bibtex.BibtexTest">
  <properties>
[...]
</properties>
  <testcase time="0.002" classname="ohtu.bibtex.BibtexTest" name="testPrintAsBibtex"/>
  <testcase time="0" classname="ohtu.bibtex.BibtexTest" name="testGetAsBibtexId"/>
  <testcase time="0" classname="ohtu.bibtex.BibtexTest" name="testGetAsBibtexAuthor"/>
  <testcase time="0" classname="ohtu.bibtex.BibtexTest" name="testGetAsBibtexTitle"/>
  <testcase time="0" classname="ohtu.bibtex.BibtexTest" name="testGetAsBibtexJournal"/>
  <testcase time="0" classname="ohtu.bibtex.BibtexTest" name="testGetAsBibtexYear"/>
  <testcase time="0.001" classname="ohtu.bibtex.BibtexTest" name="testGetAsBibtexNumber"/>
  <testcase time="0" classname="ohtu.bibtex.BibtexTest" name="testGetAsBibtexPages"/>
  <testcase time="0.001" classname="ohtu.bibtex.BibtexTest" name="testGetAsBibtexClosingBracket"/>
</testsuite>